<?xml version="1.0" encoding="utf-8"?><testsuites><testsuite name="pytest" errors="0" failures="0" skipped="0" tests="3" time="12.855" timestamp="2021-11-04T09:06:53.811835" hostname="LAPTOP-Q3JAOQAU"><testcase classname="test_HomePage.TestHomePage" name="test_FormSubmission[getData0]" time="2.988" /><testcase classname="test_HomePage.TestHomePage" name="test_FormSubmission[getData1]" time="0.403" /><testcase classname="test_e3e.Test_case1" name="test_e2e" time="9.419" /></testsuite></testsuites>